// 重构日志: 4444f894
// 重构日志: 5401385a
// 重构日志: 42445830
// 同步 ID: 674d01d2 @ Sat Jun  6 00:21:51 UTC 2026
// 同步 ID: a4807d13 @ Sat Jun  6 09:43:12 UTC 2026
// 重构日志: 396f4aea
// 同步 ID: dd014e0d @ Sat Jun 13 16:04:02 UTC 2026
// 重构日志: ab51ee6b
// 重构日志: 20e8eca4
// 重构日志: 0740d2fb
// 重构日志: 5beb1300
// 重构日志: 75eeeb50
// 重构日志: af9edafa
// 同步 ID: c4c578c3 @ Sun Jun 21 17:09:25 UTC 2026
// 重构日志: d3724bce
// 重构日志: 9c556183
// 重构日志: ffa80fbf
// 同步 ID: b3c28155 @ Thu Jun 25 04:38:52 UTC 2026
// 重构日志: c01b6d2b
// 重构日志: 16cab3b2
// 同步 ID: cc01f58e @ Sat Jun 27 11:00:08 UTC 2026
// 同步 ID: e2d2b7eb @ Sun Jun 28 09:36:26 UTC 2026
// 重构日志: a999b2c5
// 重构日志: 8581fa4b
// 重构日志: 8bf52d5c
// 重构日志: b04eb992
// 同步 ID: 2a854e05 @ Wed Jul  1 00:52:59 UTC 2026
// 重构日志: 262512e3
